2025-08-19 17:52:37,810 - INFO - 开始执行高级项目优化...
2025-08-19 17:52:37,811 - INFO - 开始优化日志系统...
2025-08-19 17:52:37,815 - INFO - 日志系统优化完成
2025-08-19 17:52:37,815 - INFO - 开始优化延迟初始化机制...
2025-08-19 17:52:37,816 - INFO - 优化了主窗口的延迟初始化机制
2025-08-19 17:52:37,817 - INFO - 延迟初始化机制优化完成
2025-08-19 17:52:37,817 - INFO - 开始优化资源管理...
2025-08-19 17:52:37,818 - INFO - 资源清理机制已存在于文件中: ui/main_window.py
2025-08-19 17:52:37,818 - INFO - 资源清理机制已存在于文件中: ui/process_tab.py
2025-08-19 17:52:37,819 - INFO - 资源清理机制已存在于文件中: ui/network_tab.py
2025-08-19 17:52:37,820 - INFO - 资源清理机制已存在于文件中: sandbox/ui_components.py
2025-08-19 17:52:37,820 - INFO - 资源管理优化完成
2025-08-19 17:52:37,821 - INFO - 开始优化数据处理...
2025-08-19 17:52:37,821 - INFO - 缓存机制已存在，无需修改
2025-08-19 17:52:37,821 - INFO - 开始添加性能监控...
2025-08-19 17:52:37,822 - INFO - 为函数 load_process_data 添加了性能监控装饰器
2025-08-19 17:52:37,823 - INFO - 为函数 refresh_process_list 添加了性能监控装饰器
2025-08-19 17:52:37,823 - INFO - 为函数 update_process_tree 添加了性能监控装饰器
2025-08-19 17:52:37,824 - INFO - 为函数 refresh 添加了性能监控装饰器
2025-08-19 17:52:37,825 - INFO - 为函数 refresh 添加了性能监控装饰器
2025-08-19 17:52:37,826 - INFO - 为函数 update_startup_tree 添加了性能监控装饰器
2025-08-19 17:52:37,827 - INFO - 为函数 load_root_keys 添加了性能监控装饰器
2025-08-19 17:52:37,827 - INFO - 为函数 refresh_current_key 添加了性能监控装饰器
2025-08-19 17:52:37,827 - INFO - 为函数 load_subkeys 添加了性能监控装饰器
2025-08-19 17:52:37,828 - INFO - 为函数 refresh_display 添加了性能监控装饰器
2025-08-19 17:52:37,829 - INFO - 为函数 update_file_operations_display 添加了性能监控装饰器
2025-08-19 17:52:37,829 - INFO - 为函数 update_stats 添加了性能监控装饰器
2025-08-19 17:52:37,829 - INFO - 性能监控添加完成
2025-08-19 17:52:37,830 - INFO - 所有高级项目优化完成!
2025-08-19 17:55:07,724 - INFO - 开始执行高级项目优化...
2025-08-19 17:55:07,724 - INFO - 开始优化日志系统...
2025-08-19 17:55:07,728 - INFO - 日志系统优化完成
2025-08-19 17:55:07,728 - INFO - 开始优化延迟初始化机制...
2025-08-19 17:55:07,729 - INFO - 优化了主窗口的延迟初始化机制
2025-08-19 17:55:07,729 - INFO - 延迟初始化机制优化完成
2025-08-19 17:55:07,729 - INFO - 开始优化资源管理...
2025-08-19 17:55:07,730 - INFO - 资源清理机制已存在于文件中: ui/main_window.py
2025-08-19 17:55:07,730 - INFO - 资源清理机制已存在于文件中: ui/process_tab.py
2025-08-19 17:55:07,731 - INFO - 资源清理机制已存在于文件中: ui/network_tab.py
2025-08-19 17:55:07,731 - INFO - 资源清理机制已存在于文件中: sandbox/ui_components.py
2025-08-19 17:55:07,731 - INFO - 资源管理优化完成
2025-08-19 17:55:07,731 - INFO - 开始优化数据处理...
2025-08-19 17:55:07,732 - INFO - 缓存机制已存在，无需修改
2025-08-19 17:55:07,732 - INFO - 开始添加性能监控...
2025-08-19 17:55:07,732 - INFO - 性能监控已存在于文件中: ui/network_tab.py
2025-08-19 17:55:07,733 - INFO - 性能监控已存在于文件中: ui/startup_tab.py
2025-08-19 17:55:07,733 - INFO - 性能监控已存在于文件中: ui/registry_tab.py
2025-08-19 17:55:07,734 - INFO - 性能监控已存在于文件中: ui/file_monitor_tab.py
2025-08-19 17:55:07,734 - INFO - 性能监控添加完成
2025-08-19 17:55:07,734 - INFO - 所有高级项目优化完成!
