2025-08-19 17:07:38,411 - INFO - 开始执行综合Bug修复...
2025-08-19 17:07:38,412 - INFO - 开始修复编码问题...
2025-08-19 17:07:38,414 - INFO - 修复了文件中的重复编码声明: utils/system_utils.py
2025-08-19 17:07:38,416 - INFO - 编码问题修复完成
2025-08-19 17:07:38,416 - INFO - 开始修复导入问题...
2025-08-19 17:07:38,416 - INFO - 导入问题修复完成
2025-08-19 17:07:38,417 - INFO - 开始修复配置问题...
2025-08-19 17:07:38,417 - INFO - 配置问题修复完成
2025-08-19 17:07:38,417 - INFO - 所有Bug修复完成!
2025-08-19 17:31:25,626 - INFO - 开始执行综合Bug修复...
2025-08-19 17:31:25,626 - INFO - 开始修复编码问题...
2025-08-19 17:31:25,628 - INFO - 编码问题修复完成
2025-08-19 17:31:25,629 - INFO - 开始修复导入问题...
2025-08-19 17:31:25,629 - INFO - 导入问题修复完成
2025-08-19 17:31:25,629 - INFO - 开始修复配置问题...
2025-08-19 17:31:25,631 - INFO - 配置问题修复完成
2025-08-19 17:31:25,631 - INFO - 所有Bug修复完成!
2025-08-19 17:45:47,225 - INFO - 开始执行剩余Bug修复...
2025-08-19 17:45:47,225 - INFO - 开始修复process_tab.py编码声明问题...
2025-08-19 17:45:47,226 - INFO - 在process_tab.py开头添加了编码声明
2025-08-19 17:45:47,226 - INFO - 开始修复导入问题...
2025-08-19 17:45:47,227 - INFO - 修复了utils/__init__.py中的导入路径
2025-08-19 17:45:47,227 - INFO - 导入问题修复完成
2025-08-19 17:45:47,227 - INFO - 所有剩余Bug修复完成!
