2025-08-19 18:11:22,440 - INFO - 开始执行项目结构优化...
2025-08-19 18:11:22,440 - INFO - 开始组织项目目录结构...
2025-08-19 18:11:22,441 - INFO - 创建目录: exports
2025-08-19 18:11:22,441 - INFO - 创建目录: temp
2025-08-19 18:11:22,442 - INFO - 创建目录: docs
2025-08-19 18:11:22,442 - INFO - 创建目录: tests
2025-08-19 18:11:22,442 - INFO - 目录结构组织完成
2025-08-19 18:11:22,442 - INFO - 开始创建__init__.py文件...
2025-08-19 18:11:22,445 - INFO - 创建__init__.py文件: E:\程序\xiangmu\mcgx\mcg\bug_fix_backups\__init__.py
2025-08-19 18:11:22,445 - INFO - 创建__init__.py文件: E:\程序\xiangmu\mcgx\mcg\mcgx\__init__.py
2025-08-19 18:11:22,446 - INFO - 创建__init__.py文件: E:\程序\xiangmu\mcgx\mcg\mcgx\modules\__init__.py
2025-08-19 18:11:22,447 - INFO - 创建__init__.py文件: E:\程序\xiangmu\mcgx\mcg\mcgx\ui\__init__.py
2025-08-19 18:11:22,447 - INFO - 创建__init__.py文件: E:\程序\xiangmu\mcgx\mcg\sandbox\__init__.py
2025-08-19 18:11:22,448 - INFO - 创建__init__.py文件: E:\程序\xiangmu\mcgx\mcg\ui\backups\__init__.py
2025-08-19 18:11:22,449 - INFO - 创建__init__.py文件: E:\程序\xiangmu\mcgx\mcgx\__init__.py
2025-08-19 18:11:22,449 - INFO - 创建__init__.py文件: E:\程序\xiangmu\mcgx\mcgx\modules\__init__.py
2025-08-19 18:11:22,450 - INFO - 创建__init__.py文件: E:\程序\xiangmu\mcgx\mcgx\ui\__init__.py
2025-08-19 18:11:22,451 - INFO - 创建__init__.py文件: E:\程序\xiangmu\mcgx\sandbox\__init__.py
2025-08-19 18:11:22,452 - INFO - __init__.py文件创建完成
2025-08-19 18:11:22,452 - INFO - 开始优化模块层次结构...
2025-08-19 18:11:22,452 - INFO - 创建modules目录
2025-08-19 18:11:22,453 - INFO - 创建目录和__init__.py: E:\程序\xiangmu\mcgx\modules\analysis
2025-08-19 18:11:22,454 - INFO - 创建目录和__init__.py: E:\程序\xiangmu\mcgx\modules\security
2025-08-19 18:11:22,455 - INFO - 创建目录和__init__.py: E:\程序\xiangmu\mcgx\modules\system
2025-08-19 18:11:22,455 - INFO - 模块层次结构优化完成
2025-08-19 18:11:22,455 - INFO - 开始创建模块文档...
2025-08-19 18:11:22,455 - INFO - 创建项目结构文档
2025-08-19 18:11:22,456 - INFO - 模块文档创建完成
2025-08-19 18:11:22,456 - INFO - 开始标准化命名规范...
2025-08-19 18:11:22,456 - INFO - 命名规范标准化完成
2025-08-19 18:11:22,456 - INFO - 开始清理废弃文件...
2025-08-19 18:11:22,456 - INFO - 废弃文件清理完成
2025-08-19 18:11:22,456 - INFO - 所有结构优化完成!
