2025-08-19 18:10:50,485 - INFO - 开始执行项目模块优化...
2025-08-19 18:10:50,486 - INFO - 开始为文件添加文档字符串...
2025-08-19 18:10:50,487 - INFO - 为文件添加了文档字符串: utils/system_utils.py
2025-08-19 18:10:50,487 - INFO - 为文件添加了文档字符串: utils/common_utils.py
2025-08-19 18:10:50,488 - INFO - 为文件添加了文档字符串: ui/process_tab.py
2025-08-19 18:10:50,489 - INFO - 为文件添加了文档字符串: ui/network_tab.py
2025-08-19 18:10:50,490 - INFO - 为文件添加了文档字符串: ui/startup_tab.py
2025-08-19 18:10:50,491 - INFO - 为文件添加了文档字符串: ui/registry_tab.py
2025-08-19 18:10:50,492 - INFO - 为文件添加了文档字符串: ui/file_monitor_tab.py
2025-08-19 18:10:50,493 - INFO - 为文件添加了文档字符串: ui/popup_blocker_tab.py
2025-08-19 18:10:50,494 - INFO - 为文件添加了文档字符串: ui/modules_tab.py
2025-08-19 18:10:50,495 - INFO - 为文件添加了文档字符串: ui/sandbox_tab.py
2025-08-19 18:10:50,496 - INFO - 为文件添加了文档字符串: ui/main_window.py
2025-08-19 18:10:50,496 - INFO - 为文件添加了文档字符串: config.py
2025-08-19 18:10:50,497 - INFO - 文档字符串添加完成
2025-08-19 18:10:50,497 - INFO - 开始优化导入语句...
2025-08-19 18:10:50,501 - INFO - 优化了导入语句: utils/system_utils.py
2025-08-19 18:10:50,502 - INFO - 导入语句优化完成
2025-08-19 18:10:50,502 - INFO - 开始为关键函数添加性能监控...
2025-08-19 18:10:50,504 - INFO - 为文件添加了性能监控: utils/system_utils.py
2025-08-19 18:10:50,506 - INFO - 为文件添加了性能监控: ui/process_tab.py
2025-08-19 18:10:50,507 - INFO - 为文件添加了性能监控: ui/network_tab.py
2025-08-19 18:10:50,508 - INFO - 为文件添加了性能监控: ui/startup_tab.py
2025-08-19 18:10:50,509 - INFO - 性能监控添加完成
2025-08-19 18:10:50,509 - INFO - 开始优化配置访问...
2025-08-19 18:10:50,510 - INFO - 为配置类添加了get方法
2025-08-19 18:10:50,510 - INFO - 配置访问优化完成
2025-08-19 18:10:50,510 - INFO - 开始移除未使用的代码...
2025-08-19 18:10:50,511 - INFO - 未使用代码清理完成
2025-08-19 18:10:50,512 - INFO - 所有模块优化完成!
